<?xml version="1.0" encoding="UTF-8"?>
<!-- Generated by org.testng.reporters.JUnitReportReporter -->
<testsuite hostname="MyPC300594" failures="0" tests="1" name="com.oauth.SpecBuilderClass" time="13.052" errors="0" timestamp="2022-10-19T11:57:45 IST" skipped="0">
  <testcase classname="com.oauth.SpecBuilderClass" name="tc1" time="13.052"/>
  <system-out/>
</testsuite> <!-- com.oauth.SpecBuilderClass -->
