<?xml version="1.0" encoding="UTF-8"?>
<!-- Generated by org.testng.reporters.JUnitReportReporter -->
<testsuite hostname="MyPC300594" failures="0" tests="1" name="com.oauth.Serilization" time="10.149" errors="0" timestamp="2022-10-18T15:23:04 IST" skipped="0">
  <testcase classname="com.oauth.Serilization" name="tc1" time="10.149"/>
  <system-out/>
</testsuite> <!-- com.oauth.Serilization -->
